RTMP_As/RTMP pusher/app/build/outputs/logs/manifest-merger-debug-report.txt
-- Merging decision tree log ---
manifest
ADDED from src\main\AndroidManifest.xml:2:1-87:12
INJECTED from src\main\AndroidManifest.xml:2:1-87:12
INJECTED from src\main\AndroidManifest.xml:2:1-87:12
INJECTED from src\main\AndroidManifest.xml:2:1-87:12
MERGED from [com.android.support:support-v4:20.0.0] AndroidManifest.xml:15:1-18:12
INJECTED from src\main\AndroidManifest.xml:2:1-87:12
INJECTED from src\main\AndroidManifest.xml:2:1-87:12
INJECTED from src\main\AndroidManifest.xml:2:1-87:12
	package
		ADDED from src\main\AndroidManifest.xml:3:5-33
		INJECTED from src\main\AndroidManifest.xml
		INJECTED from src\main\AndroidManifest.xml
	android:versionName
		ADDED from src\main\AndroidManifest.xml:5:5-32
		INJECTED from src\main\AndroidManifest.xml
		INJECTED from src\main\AndroidManifest.xml
	xmlns:android
		ADDED from src\main\AndroidManifest.xml:2:11-69
	android:versionCode
		ADDED from src\main\AndroidManifest.xml:4:5-28
		INJECTED from src\main\AndroidManifest.xml
		INJECTED from src\main\AndroidManifest.xml
uses-sdk
ADDED from src\main\AndroidManifest.xml:7:5-9:41
INJECTED from src\main\AndroidManifest.xml:7:5-9:41
INJECTED from src\main\AndroidManifest.xml:7:5-9:41
MERGED from [com.android.support:support-v4:20.0.0] AndroidManifest.xml:16:5-42
MERGED from [com.android.support:support-v4:20.0.0] AndroidManifest.xml:16:5-42
INJECTED from src\main\AndroidManifest.xml:7:5-9:41
INJECTED from src\main\AndroidManifest.xml:7:5-9:41
	android:targetSdkVersion
		ADDED from src\main\AndroidManifest.xml:9:9-38
		INJECTED from src\main\AndroidManifest.xml
		INJECTED from src\main\AndroidManifest.xml
	android:minSdkVersion
		ADDED from src\main\AndroidManifest.xml:8:9-35
		INJECTED from src\main\AndroidManifest.xml
		INJECTED from src\main\AndroidManifest.xml
uses-feature#android.hardware.camera
ADDED from src\main\AndroidManifest.xml:11:5-60
	android:name
		ADDED from src\main\AndroidManifest.xml:11:19-57
uses-permission#android.permission.WRITE_EXTERNAL_STORAGE
ADDED from src\main\AndroidManifest.xml:12:2-78
	android:name
		ADDED from src\main\AndroidManifest.xml:12:19-75
uses-permission#android.permission.CAMERA
ADDED from src\main\AndroidManifest.xml:13:5-65
	android:name
		ADDED from src\main\AndroidManifest.xml:13:22-62
uses-permission#android.permission.INTERNET
ADDED from src\main\AndroidManifest.xml:14:5-67
	android:name
		ADDED from src\main\AndroidManifest.xml:14:22-64
uses-permission#android.permission.READ_EXTERNAL_STORAGE
ADDED from src\main\AndroidManifest.xml:15:5-80
	android:name
		ADDED from src\main\AndroidManifest.xml:15:22-77
uses-permission#android.permission.WAKE_LOCK
ADDED from src\main\AndroidManifest.xml:16:5-68
	android:name
		ADDED from src\main\AndroidManifest.xml:16:22-65
uses-permission#android.permission.SYSTEM_ALERT_WINDOW
ADDED from src\main\AndroidManifest.xml:17:5-78
	android:name
		ADDED from src\main\AndroidManifest.xml:17:22-75
uses-permission#android.permission.RECEIVE_BOOT_COMPLETED
ADDED from src\main\AndroidManifest.xml:18:5-81
	android:name
		ADDED from src\main\AndroidManifest.xml:18:22-78
uses-permission#android.permission.RECORD_AUDIO
ADDED from src\main\AndroidManifest.xml:19:5-71
	android:name
		ADDED from src\main\AndroidManifest.xml:19:22-68
uses-permission#android.permission.ACCESS_COARSE_LOCATION
ADDED from src\main\AndroidManifest.xml:20:5-81
	android:name
		ADDED from src\main\AndroidManifest.xml:20:22-78
uses-permission#android.permission.ACCESS_FINE_LOCATION
ADDED from src\main\AndroidManifest.xml:22:5-79
	android:name
		ADDED from src\main\AndroidManifest.xml:22:22-76
uses-permission#android.permission.ACCESS_WIFI_STATE
ADDED from src\main\AndroidManifest.xml:24:5-76
	android:name
		ADDED from src\main\AndroidManifest.xml:24:22-73
uses-permission#android.permission.ACCESS_NETWORK_STATE
ADDED from src\main\AndroidManifest.xml:26:5-79
	android:name
		ADDED from src\main\AndroidManifest.xml:26:22-76
uses-permission#android.permission.READ_PHONE_STATE
ADDED from src\main\AndroidManifest.xml:28:5-75
	android:name
		ADDED from src\main\AndroidManifest.xml:28:22-72
uses-permission#android.permission.MOUNT_UNMOUNT_FILESYSTEMS
ADDED from src\main\AndroidManifest.xml:33:5-84
	android:name
		ADDED from src\main\AndroidManifest.xml:33:22-81
application
ADDED from src\main\AndroidManifest.xml:35:5-85:21
MERGED from [com.android.support:support-v4:20.0.0] AndroidManifest.xml:17:5-19
MERGED from [com.android.support:support-v4:20.0.0] AndroidManifest.xml:17:5-19
	android:label
		ADDED from src\main\AndroidManifest.xml:39:9-41
	android:hardwareAccelerated
		ADDED from src\main\AndroidManifest.xml:37:9-43
	android:icon
		ADDED from src\main\AndroidManifest.xml:38:9-43
	android:allowBackup
		ADDED from src\main\AndroidManifest.xml:36:9-35
	android:theme
		ADDED from src\main\AndroidManifest.xml:40:9-73
activity#com.sh.camera.MainActivity
ADDED from src\main\AndroidManifest.xml:42:9-51:20
	android:screenOrientation
		ADDED from src\main\AndroidManifest.xml:45:13-45
	android:label
		ADDED from src\main\AndroidManifest.xml:44:13-45
	android:name
		ADDED from src\main\AndroidManifest.xml:43:13-54
intent-filter#android.intent.action.MAIN+android.intent.category.LAUNCHER
ADDED from src\main\AndroidManifest.xml:46:13-50:29
action#android.intent.action.MAIN
ADDED from src\main\AndroidManifest.xml:47:17-69
	android:name
		ADDED from src\main\AndroidManifest.xml:47:25-66
category#android.intent.category.LAUNCHER
ADDED from src\main\AndroidManifest.xml:49:17-77
	android:name
		ADDED from src\main\AndroidManifest.xml:49:27-74
activity#com.sh.camera.FileActivity
ADDED from src\main\AndroidManifest.xml:52:9-53:20
	android:name
		ADDED from src\main\AndroidManifest.xml:52:19-60
activity#com.sh.camera.SelectTimeActivity
ADDED from src\main\AndroidManifest.xml:54:9-55:20
	android:name
		ADDED from src\main\AndroidManifest.xml:54:19-66
activity#com.sh.camera.SetActivity
ADDED from src\main\AndroidManifest.xml:56:9-57:20
	android:name
		ADDED from src\main\AndroidManifest.xml:56:19-59
activity#com.sh.camera.UpdateActivity
ADDED from src\main\AndroidManifest.xml:58:9-59:20
	android:name
		ADDED from src\main\AndroidManifest.xml:58:19-62
activity#com.sh.camera.vedioPlay.MoviePlayer
ADDED from src\main\AndroidManifest.xml:60:9-61:20
	android:name
		ADDED from src\main\AndroidManifest.xml:60:19-69
service#com.sh.camera.service.MainService
ADDED from src\main\AndroidManifest.xml:63:9-64:19
	android:name
		ADDED from src\main\AndroidManifest.xml:63:18-66
service#com.sh.camera.service.ShCommService
ADDED from src\main\AndroidManifest.xml:67:9-69:38
	android:enabled
		ADDED from src\main\AndroidManifest.xml:69:13-35
	android:name
		ADDED from src\main\AndroidManifest.xml:68:13-63
service#com.sh.camera.service.MyIntentServiceSdCar
ADDED from src\main\AndroidManifest.xml:70:9-78
	android:name
		ADDED from src\main\AndroidManifest.xml:70:18-75
receiver#com.sh.camera.receiver.StartReceiver
ADDED from src\main\AndroidManifest.xml:72:9-76:20
	android:name
		ADDED from src\main\AndroidManifest.xml:72:19-70
intent-filter#android.intent.action.BOOT_COMPLETED
ADDED from src\main\AndroidManifest.xml:73:13-75:29
	android:priority
		ADDED from src\main\AndroidManifest.xml:73:28-51
action#android.intent.action.BOOT_COMPLETED
ADDED from src\main\AndroidManifest.xml:74:17-79
	android:name
		ADDED from src\main\AndroidManifest.xml:74:25-76
receiver#com.sh.camera.receiver.SdCardBroadCastReceiver
ADDED from src\main\AndroidManifest.xml:77:9-84:20
	android:name
		ADDED from src\main\AndroidManifest.xml:77:19-80
intent-filter#android.intent.action.MEDIA_EJECT+android.intent.action.MEDIA_MOUNTED
ADDED from src\main\AndroidManifest.xml:78:13-83:29
	android:priority
		ADDED from src\main\AndroidManifest.xml:78:28-51
action#android.intent.action.MEDIA_MOUNTED
ADDED from src\main\AndroidManifest.xml:79:17-78
	android:name
		ADDED from src\main\AndroidManifest.xml:79:25-75
action#android.intent.action.MEDIA_EJECT
ADDED from src\main\AndroidManifest.xml:80:17-76
	android:name
		ADDED from src\main\AndroidManifest.xml:80:25-73
data
ADDED from src\main\AndroidManifest.xml:82:17-47
	android:scheme
		ADDED from src\main\AndroidManifest.xml:82:23-44